<?xml version="1.0" encoding="UTF-8"?>
<!-- Generated by org.testng.reporters.JUnitReportReporter -->
<testsuite hostname="DESKTOP-M0PE057" failures="0" tests="2" name="MyTest.test2" time="0.020" errors="0" timestamp="2022-02-02T12:57:30 IST" skipped="0">
  <testcase classname="MyTest.test2" name="Method2" time="0.005"/>
  <system-out/>
  <testcase classname="MyTest.test2" name="Method1" time="0.015"/>
  <system-out/>
</testsuite> <!-- MyTest.test2 -->
