<?xml version="1.0" encoding="UTF-8"?>
<!-- Generated by org.testng.reporters.JUnitReportReporter -->
<testsuite hostname="DESKTOP-M0PE057" failures="0" tests="2" name="MyTest.test1" time="0.021" errors="0" timestamp="2022-02-25T15:05:54 IST" skipped="0">
  <testcase classname="MyTest.test1" name="Method1" time="0.018"/>
  <system-out/>
  <testcase classname="MyTest.test1" name="Method2" time="0.003"/>
  <system-out/>
</testsuite> <!-- MyTest.test1 -->
